<?xml version="1.0" encoding="UTF-8"?>
<coverage generated="1773328436901" clover="3.2.0">
  <project timestamp="1773328436901" name="All files">
    <metrics statements="23" coveredstatements="22" conditionals="8" coveredconditionals="7" methods="3" coveredmethods="3" elements="34" coveredelements="32" complexity="0" loc="23" ncloc="23" packages="1" files="2" classes="2"/>
    <file name="index.js" path="/home/ivan_user/Projects/frontend-project-46/src/index.js">
      <metrics statements="16" coveredstatements="16" conditionals="6" coveredconditionals="6" methods="2" coveredmethods="2"/>
      <line num="4" count="1" type="stmt"/>
      <line num="5" count="3" type="stmt"/>
      <line num="6" count="3" type="stmt"/>
      <line num="8" count="3" type="stmt"/>
      <line num="9" count="3" type="stmt"/>
      <line num="11" count="3" type="stmt"/>
      <line num="12" count="15" type="stmt"/>
      <line num="13" count="15" type="stmt"/>
      <line num="15" count="15" type="cond" truecount="2" falsecount="0"/>
      <line num="16" count="6" type="stmt"/>
      <line num="18" count="9" type="cond" truecount="2" falsecount="0"/>
      <line num="19" count="3" type="stmt"/>
      <line num="21" count="6" type="cond" truecount="2" falsecount="0"/>
      <line num="22" count="3" type="stmt"/>
      <line num="24" count="3" type="stmt"/>
      <line num="27" count="3" type="stmt"/>
    </file>
    <file name="parsers.js" path="/home/ivan_user/Projects/frontend-project-46/src/parsers.js">
      <metrics statements="7" coveredstatements="6" conditionals="2" coveredconditionals="1" methods="1" coveredmethods="1"/>
      <line num="4" count="1" type="stmt"/>
      <line num="5" count="6" type="stmt"/>
      <line num="7" count="6" type="stmt"/>
      <line num="9" count="6" type="stmt"/>
      <line num="11" count="6" type="cond" truecount="1" falsecount="1"/>
      <line num="12" count="6" type="stmt"/>
      <line num="15" count="0" type="stmt"/>
    </file>
  </project>
</coverage>
