<?xml version="1.0" encoding="UTF-8"?>
<coverage generated="1773764625719" clover="3.2.0">
  <project timestamp="1773764625720" name="All files">
    <metrics statements="53" coveredstatements="50" conditionals="26" coveredconditionals="22" methods="8" coveredmethods="8" elements="87" coveredelements="80" complexity="0" loc="53" ncloc="53" packages="1" files="2" classes="2"/>
    <file name="index.js" path="/home/ivan_user/Projects/frontend-project-46/src/index.js">
      <metrics statements="45" coveredstatements="43" conditionals="22" coveredconditionals="19" methods="7" coveredmethods="7"/>
      <line num="4" count="1" type="stmt"/>
      <line num="5" count="16" type="stmt"/>
      <line num="6" count="16" type="stmt"/>
      <line num="8" count="16" type="stmt"/>
      <line num="9" count="66" type="stmt"/>
      <line num="10" count="66" type="stmt"/>
      <line num="12" count="66" type="cond" truecount="4" falsecount="0"/>
      <line num="13" count="8" type="stmt"/>
      <line num="20" count="58" type="cond" truecount="2" falsecount="0"/>
      <line num="21" count="16" type="stmt"/>
      <line num="23" count="42" type="cond" truecount="2" falsecount="0"/>
      <line num="24" count="16" type="stmt"/>
      <line num="26" count="26" type="cond" truecount="2" falsecount="0"/>
      <line num="27" count="12" type="stmt"/>
      <line num="29" count="14" type="stmt"/>
      <line num="38" count="1" type="cond" truecount="0" falsecount="1"/>
      <line num="39" count="16" type="stmt"/>
      <line num="40" count="16" type="stmt"/>
      <line num="41" count="16" type="stmt"/>
      <line num="42" count="16" type="stmt"/>
      <line num="44" count="16" type="stmt"/>
      <line num="45" count="66" type="cond" truecount="5" falsecount="1"/>
      <line num="47" count="8" type="stmt"/>
      <line num="50" count="16" type="stmt"/>
      <line num="53" count="16" type="stmt"/>
      <line num="56" count="12" type="stmt"/>
      <line num="59" count="14" type="stmt"/>
      <line num="65" count="0" type="stmt"/>
      <line num="69" count="16" type="stmt"/>
      <line num="72" count="1" type="stmt"/>
      <line num="73" count="90" type="cond" truecount="2" falsecount="0"/>
      <line num="74" count="76" type="stmt"/>
      <line num="77" count="14" type="stmt"/>
      <line num="78" count="14" type="stmt"/>
      <line num="79" count="14" type="stmt"/>
      <line num="81" count="14" type="stmt"/>
      <line num="82" count="18" type="stmt"/>
      <line num="85" count="14" type="stmt"/>
      <line num="88" count="1" type="cond" truecount="1" falsecount="0"/>
      <line num="89" count="8" type="stmt"/>
      <line num="90" count="8" type="stmt"/>
      <line num="91" count="8" type="stmt"/>
      <line num="93" count="8" type="cond" truecount="1" falsecount="1"/>
      <line num="94" count="8" type="stmt"/>
      <line num="97" count="0" type="stmt"/>
    </file>
    <file name="parsers.js" path="/home/ivan_user/Projects/frontend-project-46/src/parsers.js">
      <metrics statements="8" coveredstatements="7" conditionals="4" coveredconditionals="3" methods="1" coveredmethods="1"/>
      <line num="5" count="1" type="stmt"/>
      <line num="6" count="16" type="stmt"/>
      <line num="7" count="16" type="stmt"/>
      <line num="8" count="16" type="stmt"/>
      <line num="10" count="16" type="cond" truecount="3" falsecount="1"/>
      <line num="12" count="9" type="stmt"/>
      <line num="15" count="7" type="stmt"/>
      <line num="17" count="0" type="stmt"/>
    </file>
  </project>
</coverage>
