{"/home/ivan_user/Projects/frontend-project-46/src/index.js": {"path":"/home/ivan_user/Projects/frontend-project-46/src/index.js","statementMap":{"0":{"start":{"line":4,"column":18},"end":{"line":36,"column":1}},"1":{"start":{"line":5,"column":15},"end":{"line":5,"column":62}},"2":{"start":{"line":6,"column":21},"end":{"line":6,"column":35}},"3":{"start":{"line":8,"column":2},"end":{"line":35,"column":5}},"4":{"start":{"line":9,"column":19},"end":{"line":9,"column":29}},"5":{"start":{"line":10,"column":19},"end":{"line":10,"column":29}},"6":{"start":{"line":12,"column":4},"end":{"line":18,"column":5}},"7":{"start":{"line":13,"column":6},"end":{"line":17,"column":8}},"8":{"start":{"line":20,"column":4},"end":{"line":22,"column":5}},"9":{"start":{"line":21,"column":6},"end":{"line":21,"column":51}},"10":{"start":{"line":23,"column":4},"end":{"line":25,"column":5}},"11":{"start":{"line":24,"column":6},"end":{"line":24,"column":53}},"12":{"start":{"line":26,"column":4},"end":{"line":28,"column":5}},"13":{"start":{"line":27,"column":6},"end":{"line":27,"column":55}},"14":{"start":{"line":29,"column":4},"end":{"line":34,"column":6}},"15":{"start":{"line":38,"column":16},"end":{"line":70,"column":1}},"16":{"start":{"line":39,"column":21},"end":{"line":39,"column":30}},"17":{"start":{"line":40,"column":21},"end":{"line":40,"column":47}},"18":{"start":{"line":41,"column":22},"end":{"line":41,"column":44}},"19":{"start":{"line":42,"column":24},"end":{"line":42,"column":46}},"20":{"start":{"line":44,"column":16},"end":{"line":67,"column":4}},"21":{"start":{"line":45,"column":4},"end":{"line":66,"column":5}},"22":{"start":{"line":47,"column":8},"end":{"line":47,"column":101}},"23":{"start":{"line":50,"column":8},"end":{"line":50,"column":83}},"24":{"start":{"line":53,"column":8},"end":{"line":53,"column":83}},"25":{"start":{"line":56,"column":8},"end":{"line":56,"column":82}},"26":{"start":{"line":59,"column":8},"end":{"line":62,"column":10}},"27":{"start":{"line":65,"column":8},"end":{"line":65,"column":18}},"28":{"start":{"line":69,"column":2},"end":{"line":69,"column":26}},"29":{"start":{"line":72,"column":20},"end":{"line":86,"column":1}},"30":{"start":{"line":73,"column":2},"end":{"line":75,"column":3}},"31":{"start":{"line":74,"column":4},"end":{"line":74,"column":25}},"32":{"start":{"line":77,"column":21},"end":{"line":77,"column":30}},"33":{"start":{"line":78,"column":17},"end":{"line":78,"column":39}},"34":{"start":{"line":79,"column":24},"end":{"line":79,"column":50}},"35":{"start":{"line":81,"column":18},"end":{"line":83,"column":4}},"36":{"start":{"line":82,"column":4},"end":{"line":82,"column":61}},"37":{"start":{"line":85,"column":2},"end":{"line":85,"column":55}},"38":{"start":{"line":88,"column":16},"end":{"line":98,"column":1}},"39":{"start":{"line":89,"column":16},"end":{"line":89,"column":36}},"40":{"start":{"line":90,"column":16},"end":{"line":90,"column":36}},"41":{"start":{"line":91,"column":15},"end":{"line":91,"column":38}},"42":{"start":{"line":93,"column":2},"end":{"line":95,"column":3}},"43":{"start":{"line":94,"column":4},"end":{"line":94,"column":39}},"44":{"start":{"line":97,"column":2},"end":{"line":97,"column":47}}},"fnMap":{"0":{"name":"(anonymous_0)","decl":{"start":{"line":4,"column":18},"end":{"line":4,"column":19}},"loc":{"start":{"line":4,"column":36},"end":{"line":36,"column":1}},"line":4},"1":{"name":"(anonymous_1)","decl":{"start":{"line":8,"column":24},"end":{"line":8,"column":25}},"loc":{"start":{"line":8,"column":33},"end":{"line":35,"column":3}},"line":8},"2":{"name":"(anonymous_2)","decl":{"start":{"line":38,"column":16},"end":{"line":38,"column":17}},"loc":{"start":{"line":38,"column":37},"end":{"line":70,"column":1}},"line":38},"3":{"name":"(anonymous_3)","decl":{"start":{"line":44,"column":29},"end":{"line":44,"column":30}},"loc":{"start":{"line":44,"column":39},"end":{"line":67,"column":3}},"line":44},"4":{"name":"(anonymous_4)","decl":{"start":{"line":72,"column":20},"end":{"line":72,"column":21}},"loc":{"start":{"line":72,"column":38},"end":{"line":86,"column":1}},"line":72},"5":{"name":"(anonymous_5)","decl":{"start":{"line":81,"column":44},"end":{"line":81,"column":45}},"loc":{"start":{"line":81,"column":60},"end":{"line":83,"column":3}},"line":81},"6":{"name":"(anonymous_6)","decl":{"start":{"line":88,"column":16},"end":{"line":88,"column":17}},"loc":{"start":{"line":88,"column":62},"end":{"line":98,"column":1}},"line":88}},"branchMap":{"0":{"loc":{"start":{"line":12,"column":4},"end":{"line":18,"column":5}},"type":"if","locations":[{"start":{"line":12,"column":4},"end":{"line":18,"column":5}},{"start":{},"end":{}}],"line":12},"1":{"loc":{"start":{"line":12,"column":8},"end":{"line":12,"column":58}},"type":"binary-expr","locations":[{"start":{"line":12,"column":8},"end":{"line":12,"column":31}},{"start":{"line":12,"column":35},"end":{"line":12,"column":58}}],"line":12},"2":{"loc":{"start":{"line":20,"column":4},"end":{"line":22,"column":5}},"type":"if","locations":[{"start":{"line":20,"column":4},"end":{"line":22,"column":5}},{"start":{},"end":{}}],"line":20},"3":{"loc":{"start":{"line":23,"column":4},"end":{"line":25,"column":5}},"type":"if","locations":[{"start":{"line":23,"column":4},"end":{"line":25,"column":5}},{"start":{},"end":{}}],"line":23},"4":{"loc":{"start":{"line":26,"column":4},"end":{"line":28,"column":5}},"type":"if","locations":[{"start":{"line":26,"column":4},"end":{"line":28,"column":5}},{"start":{},"end":{}}],"line":26},"5":{"loc":{"start":{"line":38,"column":23},"end":{"line":38,"column":32}},"type":"default-arg","locations":[{"start":{"line":38,"column":31},"end":{"line":38,"column":32}}],"line":38},"6":{"loc":{"start":{"line":45,"column":4},"end":{"line":66,"column":5}},"type":"switch","locations":[{"start":{"line":46,"column":6},"end":{"line":47,"column":101}},{"start":{"line":49,"column":6},"end":{"line":50,"column":83}},{"start":{"line":52,"column":6},"end":{"line":53,"column":83}},{"start":{"line":55,"column":6},"end":{"line":56,"column":82}},{"start":{"line":58,"column":6},"end":{"line":62,"column":10}},{"start":{"line":64,"column":6},"end":{"line":65,"column":18}}],"line":45},"7":{"loc":{"start":{"line":73,"column":2},"end":{"line":75,"column":3}},"type":"if","locations":[{"start":{"line":73,"column":2},"end":{"line":75,"column":3}},{"start":{},"end":{}}],"line":73},"8":{"loc":{"start":{"line":88,"column":39},"end":{"line":88,"column":57}},"type":"default-arg","locations":[{"start":{"line":88,"column":48},"end":{"line":88,"column":57}}],"line":88},"9":{"loc":{"start":{"line":93,"column":2},"end":{"line":95,"column":3}},"type":"if","locations":[{"start":{"line":93,"column":2},"end":{"line":95,"column":3}},{"start":{},"end":{}}],"line":93}},"s":{"0":1,"1":16,"2":16,"3":16,"4":66,"5":66,"6":66,"7":8,"8":58,"9":16,"10":42,"11":16,"12":26,"13":12,"14":14,"15":1,"16":16,"17":16,"18":16,"19":16,"20":16,"21":66,"22":8,"23":16,"24":16,"25":12,"26":14,"27":0,"28":16,"29":1,"30":90,"31":76,"32":14,"33":14,"34":14,"35":14,"36":18,"37":14,"38":1,"39":8,"40":8,"41":8,"42":8,"43":8,"44":0},"f":{"0":16,"1":66,"2":16,"3":66,"4":90,"5":18,"6":8},"b":{"0":[8,58],"1":[66,12],"2":[16,42],"3":[16,26],"4":[12,14],"5":[0],"6":[8,16,16,12,14,0],"7":[76,14],"8":[8],"9":[8,0]},"_coverageSchema":"1a1c01bbd47fc00a2c39e90264f33305004495a9","hash":"adc650c0d5133499d19f41cc9ad4168cf8937711"}
,"/home/ivan_user/Projects/frontend-project-46/src/parsers.js": {"path":"/home/ivan_user/Projects/frontend-project-46/src/parsers.js","statementMap":{"0":{"start":{"line":5,"column":18},"end":{"line":19,"column":1}},"1":{"start":{"line":6,"column":23},"end":{"line":6,"column":60}},"2":{"start":{"line":7,"column":15},"end":{"line":7,"column":53}},"3":{"start":{"line":8,"column":20},"end":{"line":8,"column":56}},"4":{"start":{"line":10,"column":2},"end":{"line":18,"column":3}},"5":{"start":{"line":12,"column":6},"end":{"line":12,"column":30}},"6":{"start":{"line":15,"column":6},"end":{"line":15,"column":29}},"7":{"start":{"line":17,"column":6},"end":{"line":17,"column":63}}},"fnMap":{"0":{"name":"(anonymous_0)","decl":{"start":{"line":5,"column":18},"end":{"line":5,"column":19}},"loc":{"start":{"line":5,"column":32},"end":{"line":19,"column":1}},"line":5}},"branchMap":{"0":{"loc":{"start":{"line":10,"column":2},"end":{"line":18,"column":3}},"type":"switch","locations":[{"start":{"line":11,"column":4},"end":{"line":12,"column":30}},{"start":{"line":13,"column":4},"end":{"line":13,"column":16}},{"start":{"line":14,"column":4},"end":{"line":15,"column":29}},{"start":{"line":16,"column":4},"end":{"line":17,"column":63}}],"line":10}},"s":{"0":1,"1":16,"2":16,"3":16,"4":16,"5":9,"6":7,"7":0},"f":{"0":16},"b":{"0":[9,7,7,0]},"_coverageSchema":"1a1c01bbd47fc00a2c39e90264f33305004495a9","hash":"49568cbe030098f6d3160442db98564b2cb118f0"}
}
