TN:
SF:src/index.js
FN:4,(anonymous_0)
FN:8,(anonymous_1)
FN:38,(anonymous_2)
FN:44,(anonymous_3)
FN:72,(anonymous_4)
FN:81,(anonymous_5)
FN:88,(anonymous_6)
FNF:7
FNH:7
FNDA:16,(anonymous_0)
FNDA:66,(anonymous_1)
FNDA:16,(anonymous_2)
FNDA:66,(anonymous_3)
FNDA:90,(anonymous_4)
FNDA:18,(anonymous_5)
FNDA:8,(anonymous_6)
DA:4,1
DA:5,16
DA:6,16
DA:8,16
DA:9,66
DA:10,66
DA:12,66
DA:13,8
DA:20,58
DA:21,16
DA:23,42
DA:24,16
DA:26,26
DA:27,12
DA:29,14
DA:38,1
DA:39,16
DA:40,16
DA:41,16
DA:42,16
DA:44,16
DA:45,66
DA:47,8
DA:50,16
DA:53,16
DA:56,12
DA:59,14
DA:65,0
DA:69,16
DA:72,1
DA:73,90
DA:74,76
DA:77,14
DA:78,14
DA:79,14
DA:81,14
DA:82,18
DA:85,14
DA:88,1
DA:89,8
DA:90,8
DA:91,8
DA:93,8
DA:94,8
DA:97,0
LF:45
LH:43
BRDA:12,0,0,8
BRDA:12,0,1,58
BRDA:12,1,0,66
BRDA:12,1,1,12
BRDA:20,2,0,16
BRDA:20,2,1,42
BRDA:23,3,0,16
BRDA:23,3,1,26
BRDA:26,4,0,12
BRDA:26,4,1,14
BRDA:38,5,0,0
BRDA:45,6,0,8
BRDA:45,6,1,16
BRDA:45,6,2,16
BRDA:45,6,3,12
BRDA:45,6,4,14
BRDA:45,6,5,0
BRDA:73,7,0,76
BRDA:73,7,1,14
BRDA:88,8,0,8
BRDA:93,9,0,8
BRDA:93,9,1,0
BRF:22
BRH:19
end_of_record
TN:
SF:src/parsers.js
FN:5,(anonymous_0)
FNF:1
FNH:1
FNDA:16,(anonymous_0)
DA:5,1
DA:6,16
DA:7,16
DA:8,16
DA:10,16
DA:12,9
DA:15,7
DA:17,0
LF:8
LH:7
BRDA:10,0,0,9
BRDA:10,0,1,7
BRDA:10,0,2,7
BRDA:10,0,3,0
BRF:4
BRH:3
end_of_record
