TN:
SF:src/index.js
FN:4,(anonymous_0)
FN:11,(anonymous_1)
FNF:2
FNH:2
FNDA:3,(anonymous_0)
FNDA:15,(anonymous_1)
DA:4,1
DA:5,3
DA:6,3
DA:8,3
DA:9,3
DA:11,3
DA:12,15
DA:13,15
DA:15,15
DA:16,6
DA:18,9
DA:19,3
DA:21,6
DA:22,3
DA:24,3
DA:27,3
LF:16
LH:16
BRDA:15,0,0,6
BRDA:15,0,1,9
BRDA:18,1,0,3
BRDA:18,1,1,6
BRDA:21,2,0,3
BRDA:21,2,1,3
BRF:6
BRH:6
end_of_record
TN:
SF:src/parsers.js
FN:4,(anonymous_0)
FNF:1
FNH:1
FNDA:6,(anonymous_0)
DA:4,1
DA:5,6
DA:7,6
DA:9,6
DA:11,6
DA:12,6
DA:15,0
LF:7
LH:6
BRDA:11,0,0,6
BRDA:11,0,1,0
BRF:2
BRH:1
end_of_record
